12/01/2016 09:47:17 INFO  Refreshing org.springframework.context.support.ClassPathXmlApplicationContext@30f3c90f: startup date [Tue Jan 12 09:47:17 CET 2016]; root of context hierarchy
12/01/2016 09:47:17 INFO  Loading XML bean definitions from class path resource [META-INF/applicationContext.xml]
12/01/2016 09:47:18 INFO  Loading XML bean definitions from class path resource [META-INF/applicationDataSources.xml]
12/01/2016 09:47:18 INFO  Loading properties file from class path resource [config/template/SqlMapConfig.properties]
12/01/2016 09:47:18 INFO  Loading properties file from class path resource [config/template/prj.properties]
12/01/2016 09:47:18 INFO  Pre-instantiating singletons in org.springframework.beans.factory.support.DefaultListableBeanFactory@25e1e86e: defining beans [org.springframework.context.annotation.internalConfigurationAnnotationProcessor,org.springframework.context.annotation.internalAutowiredAnnotationProcessor,org.springframework.context.annotation.internalRequiredAnnotationProcessor,org.springframework.context.annotation.internalCommonAnnotationProcessor,jobLauncher,org.springframework.batch.core.scope.internalStepScope,org.springframework.batch.core.scope.internalJobScope,org.springframework.beans.factory.config.CustomEditorConfigurer,org.springframework.batch.core.configuration.xml.CoreNamespacePostProcessor,batch_state_transition_comparator,step1,step2,step3,step4,step5,chunk1,step6,chunk2,fin,org.springframework.batch.core.configuration.xml.SimpleFlowFactoryBean#0,templateSpring,taskExecutor,TaskStep1,TaskStep2,TaskStep3,TaskStep4,TaskStep5,TaskStep6,itemReaderChunk1,itemProcessChunk1,itemWriterChunk1,itemReaderChunk2,itemWriterChunk2,FlatFileItemReader,fieldSetMapper,DeciderReintentos,finTasklet,propertyConfigurer,dataSourceTemplate,transactionManager,defaultTxAttributes,jobRepository,JobTransactionManager,jobExplorer]; root of factory hierarchy
12/01/2016 09:47:19 INFO  No TaskExecutor has been set, defaulting to synchronous executor.
12/01/2016 09:47:19 INFO  Initializing ExecutorService  'taskExecutor'
12/01/2016 09:47:20 INFO  Job: [FlowJob: [name=templateSpring]] launched with the following parameters: [{}]
12/01/2016 09:47:20 INFO  Executing step: [step1]
12/01/2016 09:47:21 INFO  ================== INICIO TAREA STEP 1   ================== 
12/01/2016 09:47:21 INFO  Soy el step 1
12/01/2016 09:47:21 INFO  ================== FIN TAREA STEP 1   ================== 

12/01/2016 09:47:21 INFO  Executing step: [step2]
12/01/2016 09:47:21 INFO  ================== INICIO TAREA STEP 2   ================== 
12/01/2016 09:47:21 INFO  Soy el step 2
12/01/2016 09:47:21 INFO  ================== FIN TAREA STEP 2   ================== 

12/01/2016 09:47:21 INFO  Executing step: [step3]
12/01/2016 09:47:21 INFO  ================== INICIO TAREA STEP 3   ================== 
12/01/2016 09:47:21 INFO  Soy el step 3
12/01/2016 09:47:25 INFO  ================== FIN TAREA STEP 3   ================== 

12/01/2016 09:47:26 INFO  Executing step: [step4]
12/01/2016 09:47:26 INFO  ================== INICIO TAREA STEP 4   ================== 
12/01/2016 09:47:26 INFO  Soy el step 4
12/01/2016 09:47:26 INFO  ================== FIN TAREA STEP 4   ================== 

12/01/2016 09:47:26 INFO  Executing step: [step5]
12/01/2016 09:47:26 INFO  ================== INICIO TAREA STEP 5   ================== 
12/01/2016 09:47:26 INFO  Soy el step 5
12/01/2016 09:47:26 INFO  ================== FIN TAREA STEP 5   ================== 

12/01/2016 09:47:26 INFO  Executing step: [chunk1]
12/01/2016 09:47:26 WARN  ******* Comienza el Reader : 
12/01/2016 09:47:26 WARN  ******* Comienza el Reader : 
12/01/2016 09:47:26 WARN  ******* Comienza el Reader : 
12/01/2016 09:47:26 WARN  ******* Comienza el Reader : 
12/01/2016 09:47:26 WARN  ******* Comienza el Reader : 
12/01/2016 09:47:26 INFO  Executing step: [step6]
12/01/2016 09:47:26 INFO  ================== INICIO TAREA STEP 6   ================== 
12/01/2016 09:47:26 INFO  Soy el step 6
12/01/2016 09:47:26 INFO  ================== FIN TAREA STEP 6   ================== 

12/01/2016 09:47:26 INFO  Executing step: [chunk2]
12/01/2016 09:47:26 WARN  No resources to read. Set strict=true if this should be an error condition.
12/01/2016 09:47:26 INFO  Executing step: [fin]
12/01/2016 09:47:26 INFO  Task Fin
12/01/2016 09:47:26 INFO  Job: [FlowJob: [name=templateSpring]] completed with the following parameters: [{}] and the following status: [COMPLETED]
12/01/2016 09:47:26 INFO  ---- Fin proceso 
12/01/2016 13:54:13 INFO  Refreshing org.springframework.context.support.ClassPathXmlApplicationContext@3db8d241: startup date [Tue Jan 12 13:54:13 CET 2016]; root of context hierarchy
12/01/2016 13:54:13 INFO  Loading XML bean definitions from class path resource [META-INF/applicationContext.xml]
12/01/2016 13:54:13 INFO  Loading XML bean definitions from class path resource [META-INF/applicationDataSources.xml]
12/01/2016 13:54:14 INFO  Loading properties file from class path resource [config/template/SqlMapConfig.properties]
12/01/2016 13:54:14 INFO  Loading properties file from class path resource [config/template/prj.properties]
12/01/2016 13:54:14 INFO  Pre-instantiating singletons in org.springframework.beans.factory.support.DefaultListableBeanFactory@1262a130: defining beans [org.springframework.context.annotation.internalConfigurationAnnotationProcessor,org.springframework.context.annotation.internalAutowiredAnnotationProcessor,org.springframework.context.annotation.internalRequiredAnnotationProcessor,org.springframework.context.annotation.internalCommonAnnotationProcessor,jobLauncher,listaEnteros,org.springframework.batch.core.scope.internalStepScope,org.springframework.batch.core.scope.internalJobScope,org.springframework.beans.factory.config.CustomEditorConfigurer,org.springframework.batch.core.configuration.xml.CoreNamespacePostProcessor,batch_state_transition_comparator,step1,step2,step3,step4,step5,chunk1,step6,chunk2,fin,org.springframework.batch.core.configuration.xml.SimpleFlowFactoryBean#0,templateSpring,taskExecutor,TaskStep1,TaskStep2,TaskStep3,TaskStep4,TaskStep5,TaskStep6,itemReaderChunk1,itemProcessChunk1,itemWriterChunk1,itemReaderChunk2,itemWriterChunk2,FlatFileItemReader,fieldSetMapper,DeciderReintentos,finTasklet,propertyConfigurer,dataSourceTemplate,transactionManager,defaultTxAttributes,jobRepository,JobTransactionManager,jobExplorer]; root of factory hierarchy
12/01/2016 13:54:14 INFO  No TaskExecutor has been set, defaulting to synchronous executor.
12/01/2016 13:54:14 INFO  Initializing ExecutorService  'taskExecutor'
12/01/2016 13:54:15 INFO  Job: [FlowJob: [name=templateSpring]] launched with the following parameters: [{}]
12/01/2016 13:54:15 INFO  Executing step: [step1]
12/01/2016 13:54:16 INFO  ================== INICIO TAREA STEP 1   ================== 
12/01/2016 13:54:16 INFO  Inicializo lista de enteros
12/01/2016 13:54:16 INFO  ================== FIN TAREA STEP 1   ================== 

12/01/2016 13:54:16 INFO  Executing step: [step2]
12/01/2016 13:54:16 INFO  ================== INICIO TAREA STEP 2   ================== 
12/01/2016 13:54:16 INFO  Soy el step 2
12/01/2016 13:54:16 INFO  ================== FIN TAREA STEP 2   ================== 

12/01/2016 13:54:16 INFO  Executing step: [step3]
12/01/2016 13:54:16 INFO  ================== INICIO TAREA STEP 3   ================== 
12/01/2016 13:54:16 INFO  Soy el step 3
12/01/2016 13:54:20 INFO  ================== FIN TAREA STEP 3   ================== 

12/01/2016 13:54:20 INFO  Executing step: [step4]
12/01/2016 13:54:20 INFO  ================== INICIO TAREA STEP 4   ================== 
12/01/2016 13:54:20 INFO  Soy el step 4
12/01/2016 13:54:20 INFO  ================== FIN TAREA STEP 4   ================== 

12/01/2016 13:54:20 INFO  Executing step: [step5]
12/01/2016 13:54:20 INFO  ================== INICIO TAREA STEP 5   ================== 
12/01/2016 13:54:20 INFO  Soy el step 5
12/01/2016 13:54:20 INFO  ================== FIN TAREA STEP 5   ================== 

12/01/2016 13:54:20 INFO  Executing step: [chunk1]
12/01/2016 13:54:20 WARN  ******* Comienza el Reader : 
12/01/2016 13:54:20 INFO  ******* registro 10 : 
12/01/2016 13:54:20 WARN  ******* Comienza el Reader : 
12/01/2016 13:54:20 INFO  ******* registro 9 : 
12/01/2016 13:54:20 WARN  ******* Comienza el Reader : 
12/01/2016 13:54:20 INFO  ******* registro 8 : 
12/01/2016 13:54:20 WARN  ******* Comienza el Reader : 
12/01/2016 13:54:20 INFO  ******* registro 7 : 
12/01/2016 13:54:20 WARN  ******* Comienza el Reader : 
12/01/2016 13:54:20 INFO  ******* registro 6 : 
12/01/2016 13:54:20 INFO  Executing step: [step6]
12/01/2016 13:54:20 INFO  ================== INICIO TAREA STEP 6   ================== 
12/01/2016 13:54:20 INFO  Soy el step 6
12/01/2016 13:54:20 INFO  ================== FIN TAREA STEP 6   ================== 

12/01/2016 13:54:20 INFO  Executing step: [chunk2]
12/01/2016 13:54:20 WARN  No resources to read. Set strict=true if this should be an error condition.
12/01/2016 13:54:21 INFO  Executing step: [fin]
12/01/2016 13:54:21 INFO  Task Fin
12/01/2016 13:54:21 INFO  Job: [FlowJob: [name=templateSpring]] completed with the following parameters: [{}] and the following status: [COMPLETED]
12/01/2016 13:54:21 INFO  ---- Fin proceso 
12/01/2016 13:55:01 INFO  Refreshing org.springframework.context.support.ClassPathXmlApplicationContext@30f3c90f: startup date [Tue Jan 12 13:55:01 CET 2016]; root of context hierarchy
12/01/2016 13:55:01 INFO  Loading XML bean definitions from class path resource [META-INF/applicationContext.xml]
12/01/2016 13:55:01 INFO  Loading XML bean definitions from class path resource [META-INF/applicationDataSources.xml]
12/01/2016 13:55:02 INFO  Loading properties file from class path resource [config/template/SqlMapConfig.properties]
12/01/2016 13:55:02 INFO  Loading properties file from class path resource [config/template/prj.properties]
12/01/2016 13:55:02 INFO  Pre-instantiating singletons in org.springframework.beans.factory.support.DefaultListableBeanFactory@1262a130: defining beans [org.springframework.context.annotation.internalConfigurationAnnotationProcessor,org.springframework.context.annotation.internalAutowiredAnnotationProcessor,org.springframework.context.annotation.internalRequiredAnnotationProcessor,org.springframework.context.annotation.internalCommonAnnotationProcessor,jobLauncher,listaEnteros,org.springframework.batch.core.scope.internalStepScope,org.springframework.batch.core.scope.internalJobScope,org.springframework.beans.factory.config.CustomEditorConfigurer,org.springframework.batch.core.configuration.xml.CoreNamespacePostProcessor,batch_state_transition_comparator,step1,step2,step3,step4,step5,chunk1,step6,chunk2,fin,org.springframework.batch.core.configuration.xml.SimpleFlowFactoryBean#0,templateSpring,taskExecutor,TaskStep1,TaskStep2,TaskStep3,TaskStep4,TaskStep5,TaskStep6,itemReaderChunk1,itemProcessChunk1,itemWriterChunk1,itemReaderChunk2,itemWriterChunk2,FlatFileItemReader,fieldSetMapper,DeciderReintentos,finTasklet,propertyConfigurer,dataSourceTemplate,transactionManager,defaultTxAttributes,jobRepository,JobTransactionManager,jobExplorer]; root of factory hierarchy
12/01/2016 13:55:02 INFO  No TaskExecutor has been set, defaulting to synchronous executor.
12/01/2016 13:55:02 INFO  Initializing ExecutorService  'taskExecutor'
12/01/2016 13:55:03 INFO  Job: [FlowJob: [name=templateSpring]] launched with the following parameters: [{}]
12/01/2016 13:55:03 INFO  Executing step: [step1]
12/01/2016 13:55:03 INFO  ================== INICIO TAREA STEP 1   ================== 
12/01/2016 13:55:03 INFO  Inicializo lista de enteros
12/01/2016 13:55:03 INFO  ================== FIN TAREA STEP 1   ================== 

12/01/2016 13:55:03 INFO  Executing step: [step2]
12/01/2016 13:55:03 INFO  ================== INICIO TAREA STEP 2   ================== 
12/01/2016 13:55:03 INFO  Soy el step 2
12/01/2016 13:55:03 INFO  ================== FIN TAREA STEP 2   ================== 

12/01/2016 13:55:03 INFO  Executing step: [step3]
12/01/2016 13:55:03 INFO  ================== INICIO TAREA STEP 3   ================== 
12/01/2016 13:55:03 INFO  Soy el step 3
12/01/2016 13:55:07 INFO  ================== FIN TAREA STEP 3   ================== 

12/01/2016 13:55:08 INFO  Executing step: [step4]
12/01/2016 13:55:08 INFO  ================== INICIO TAREA STEP 4   ================== 
12/01/2016 13:55:08 INFO  Soy el step 4
12/01/2016 13:55:08 INFO  ================== FIN TAREA STEP 4   ================== 

12/01/2016 13:55:08 INFO  Executing step: [step5]
12/01/2016 13:55:08 INFO  ================== INICIO TAREA STEP 5   ================== 
12/01/2016 13:55:08 INFO  Soy el step 5
12/01/2016 13:55:08 INFO  ================== FIN TAREA STEP 5   ================== 

12/01/2016 13:55:08 INFO  Executing step: [chunk1]
12/01/2016 13:55:08 WARN  ******* Comienza el Reader : 
12/01/2016 13:55:08 INFO  ******* registro 10 : 
12/01/2016 13:55:08 WARN  ******* Comienza el Reader : 
12/01/2016 13:55:08 INFO  ******* registro 9 : 
12/01/2016 13:55:08 WARN  ******* Comienza el Reader : 
12/01/2016 13:55:08 INFO  ******* registro 8 : 
12/01/2016 13:55:08 WARN  ******* Comienza el Reader : 
12/01/2016 13:55:08 INFO  ******* registro 7 : 
12/01/2016 13:55:08 WARN  ******* Comienza el Reader : 
12/01/2016 13:55:08 INFO  ******* registro 6 : 
12/01/2016 13:55:08 INFO  Executing step: [step6]
12/01/2016 13:55:08 INFO  ================== INICIO TAREA STEP 6   ================== 
12/01/2016 13:55:08 INFO  Soy el step 6
12/01/2016 13:55:08 INFO  ================== FIN TAREA STEP 6   ================== 

12/01/2016 13:55:08 INFO  Executing step: [chunk2]
12/01/2016 13:55:08 WARN  No resources to read. Set strict=true if this should be an error condition.
12/01/2016 13:55:08 INFO  Executing step: [fin]
12/01/2016 13:55:08 INFO  Task Fin
12/01/2016 13:55:08 INFO  Job: [FlowJob: [name=templateSpring]] completed with the following parameters: [{}] and the following status: [COMPLETED]
12/01/2016 13:55:08 INFO  ---- Fin proceso 
12/01/2016 15:28:09 INFO  Refreshing org.springframework.context.support.ClassPathXmlApplicationContext@3db8d241: startup date [Tue Jan 12 15:28:09 CET 2016]; root of context hierarchy
12/01/2016 15:28:09 INFO  Loading XML bean definitions from class path resource [META-INF/applicationContext.xml]
12/01/2016 15:28:10 INFO  Loading XML bean definitions from class path resource [META-INF/applicationDataSources.xml]
12/01/2016 15:28:10 INFO  Loading properties file from class path resource [config/template/SqlMapConfig.properties]
12/01/2016 15:28:10 INFO  Loading properties file from class path resource [config/template/prj.properties]
12/01/2016 15:28:10 INFO  Pre-instantiating singletons in org.springframework.beans.factory.support.DefaultListableBeanFactory@1262a130: defining beans [org.springframework.context.annotation.internalConfigurationAnnotationProcessor,org.springframework.context.annotation.internalAutowiredAnnotationProcessor,org.springframework.context.annotation.internalRequiredAnnotationProcessor,org.springframework.context.annotation.internalCommonAnnotationProcessor,jobLauncher,listaEnteros,org.springframework.batch.core.scope.internalStepScope,org.springframework.batch.core.scope.internalJobScope,org.springframework.beans.factory.config.CustomEditorConfigurer,org.springframework.batch.core.configuration.xml.CoreNamespacePostProcessor,batch_state_transition_comparator,step1,step2,step3,step4,step5,chunk1,step6,chunk2,fin,org.springframework.batch.core.configuration.xml.SimpleFlowFactoryBean#0,templateSpring,taskExecutor,TaskStep1,TaskStep2,TaskStep3,TaskStep4,TaskStep5,TaskStep6,itemReaderChunk1,itemProcessChunk1,itemWriterChunk1,itemReaderChunk2,itemWriterChunk2,FlatFileItemReader,fieldSetMapper,DeciderReintentos,finTasklet,propertyConfigurer,dataSourceTemplate,transactionManager,defaultTxAttributes,jobRepository,JobTransactionManager,jobExplorer]; root of factory hierarchy
12/01/2016 15:28:10 INFO  No TaskExecutor has been set, defaulting to synchronous executor.
12/01/2016 15:28:11 INFO  Initializing ExecutorService  'taskExecutor'
12/01/2016 15:28:12 INFO  Job: [FlowJob: [name=templateSpring]] launched with the following parameters: [{}]
12/01/2016 15:28:12 INFO  Executing step: [step1]
12/01/2016 15:28:13 INFO  ================== INICIO TAREA STEP 1   ================== 
12/01/2016 15:28:13 INFO  Inicializo lista de enteros
12/01/2016 15:28:13 INFO  ================== FIN TAREA STEP 1   ================== 

12/01/2016 15:28:13 INFO  Executing step: [step2]
12/01/2016 15:28:13 INFO  ================== INICIO TAREA STEP 2   ================== 
12/01/2016 15:28:13 INFO  Soy el step 2
12/01/2016 15:28:13 INFO  ================== FIN TAREA STEP 2   ================== 

12/01/2016 15:28:13 INFO  Executing step: [step3]
12/01/2016 15:28:13 INFO  ================== INICIO TAREA STEP 3   ================== 
12/01/2016 15:28:13 INFO  Soy el step 3
12/01/2016 15:28:17 INFO  ================== FIN TAREA STEP 3   ================== 

12/01/2016 15:28:17 INFO  Executing step: [step4]
12/01/2016 15:28:17 INFO  ================== INICIO TAREA STEP 4   ================== 
12/01/2016 15:28:17 INFO  Soy el step 4
12/01/2016 15:28:17 INFO  ================== FIN TAREA STEP 4   ================== 

12/01/2016 15:28:17 INFO  Executing step: [step5]
12/01/2016 15:28:17 INFO  ================== INICIO TAREA STEP 5   ================== 
12/01/2016 15:28:17 INFO  Soy el step 5
12/01/2016 15:28:17 INFO  ================== FIN TAREA STEP 5   ================== 

12/01/2016 15:28:17 INFO  Executing step: [chunk1]
12/01/2016 15:28:17 WARN  ******* Comienza el Reader : 
12/01/2016 15:28:17 INFO  ******* registro 10 : 
12/01/2016 15:28:17 WARN  java.lang.NullPointerException
12/01/2016 15:28:17 WARN  ******* Comienza el Reader : 
12/01/2016 15:28:17 INFO  ******* registro 10 : 
12/01/2016 15:28:17 WARN  java.lang.NullPointerException
12/01/2016 15:28:17 WARN  ******* Comienza el Reader : 
12/01/2016 15:28:17 INFO  ******* registro 10 : 
12/01/2016 15:28:17 WARN  java.lang.NullPointerException
12/01/2016 15:28:17 WARN  ******* Comienza el Reader : 
12/01/2016 15:28:17 INFO  ******* registro 10 : 
12/01/2016 15:28:17 WARN  java.lang.NullPointerException
12/01/2016 15:28:17 WARN  ******* Comienza el Reader : 
12/01/2016 15:28:17 INFO  ******* registro 10 : 
12/01/2016 15:28:17 WARN  java.lang.NullPointerException
12/01/2016 15:28:17 INFO  Executing step: [step6]
12/01/2016 15:28:17 INFO  ================== INICIO TAREA STEP 6   ================== 
12/01/2016 15:28:17 INFO  Soy el step 6
12/01/2016 15:28:17 INFO  ================== FIN TAREA STEP 6   ================== 

12/01/2016 15:28:17 INFO  Executing step: [chunk2]
12/01/2016 15:28:17 WARN  No resources to read. Set strict=true if this should be an error condition.
12/01/2016 15:28:18 INFO  Executing step: [fin]
12/01/2016 15:28:18 INFO  Task Fin
12/01/2016 15:28:18 INFO  Job: [FlowJob: [name=templateSpring]] completed with the following parameters: [{}] and the following status: [COMPLETED]
12/01/2016 15:28:18 INFO  ---- Fin proceso 
12/01/2016 15:29:51 INFO  Refreshing org.springframework.context.support.ClassPathXmlApplicationContext@16393296: startup date [Tue Jan 12 15:29:51 CET 2016]; root of context hierarchy
12/01/2016 15:29:51 INFO  Loading XML bean definitions from class path resource [META-INF/applicationContext.xml]
12/01/2016 15:29:52 INFO  Loading XML bean definitions from class path resource [META-INF/applicationDataSources.xml]
12/01/2016 15:29:52 INFO  Loading properties file from class path resource [config/template/SqlMapConfig.properties]
12/01/2016 15:29:52 INFO  Loading properties file from class path resource [config/template/prj.properties]
12/01/2016 15:29:52 INFO  Pre-instantiating singletons in org.springframework.beans.factory.support.DefaultListableBeanFactory@14e7cca0: defining beans [org.springframework.context.annotation.internalConfigurationAnnotationProcessor,org.springframework.context.annotation.internalAutowiredAnnotationProcessor,org.springframework.context.annotation.internalRequiredAnnotationProcessor,org.springframework.context.annotation.internalCommonAnnotationProcessor,jobLauncher,listaEnteros,org.springframework.batch.core.scope.internalStepScope,org.springframework.batch.core.scope.internalJobScope,org.springframework.beans.factory.config.CustomEditorConfigurer,org.springframework.batch.core.configuration.xml.CoreNamespacePostProcessor,batch_state_transition_comparator,step1,step2,step3,step4,step5,chunk1,step6,chunk2,fin,org.springframework.batch.core.configuration.xml.SimpleFlowFactoryBean#0,templateSpring,taskExecutor,TaskStep1,TaskStep2,TaskStep3,TaskStep4,TaskStep5,TaskStep6,itemReaderChunk1,itemProcessChunk1,itemWriterChunk1,itemReaderChunk2,itemWriterChunk2,FlatFileItemReader,fieldSetMapper,DeciderReintentos,finTasklet,propertyConfigurer,dataSourceTemplate,transactionManager,defaultTxAttributes,jobRepository,JobTransactionManager,jobExplorer]; root of factory hierarchy
12/01/2016 15:29:52 INFO  No TaskExecutor has been set, defaulting to synchronous executor.
12/01/2016 15:29:53 INFO  Initializing ExecutorService  'taskExecutor'
12/01/2016 15:29:53 INFO  Job: [FlowJob: [name=templateSpring]] launched with the following parameters: [{}]
12/01/2016 15:29:53 INFO  Executing step: [step1]
12/01/2016 15:29:54 INFO  ================== INICIO TAREA STEP 1   ================== 
12/01/2016 15:29:54 INFO  Inicializo lista de enteros
12/01/2016 15:29:54 INFO  ================== FIN TAREA STEP 1   ================== 

12/01/2016 15:29:54 INFO  Executing step: [step2]
12/01/2016 15:29:54 INFO  ================== INICIO TAREA STEP 2   ================== 
12/01/2016 15:29:54 INFO  Soy el step 2
12/01/2016 15:29:54 INFO  ================== FIN TAREA STEP 2   ================== 

12/01/2016 15:29:54 INFO  Executing step: [step3]
12/01/2016 15:29:54 INFO  ================== INICIO TAREA STEP 3   ================== 
12/01/2016 15:29:54 INFO  Soy el step 3
12/01/2016 15:29:58 INFO  ================== FIN TAREA STEP 3   ================== 

12/01/2016 15:29:58 INFO  Executing step: [step4]
12/01/2016 15:29:58 INFO  ================== INICIO TAREA STEP 4   ================== 
12/01/2016 15:29:58 INFO  Soy el step 4
12/01/2016 15:29:58 INFO  ================== FIN TAREA STEP 4   ================== 

12/01/2016 15:29:59 INFO  Executing step: [step5]
12/01/2016 15:29:59 INFO  ================== INICIO TAREA STEP 5   ================== 
12/01/2016 15:29:59 INFO  Soy el step 5
12/01/2016 15:29:59 INFO  ================== FIN TAREA STEP 5   ================== 

12/01/2016 15:29:59 INFO  Executing step: [chunk1]
12/01/2016 15:30:03 WARN  ******* Comienza el Reader : 
12/01/2016 15:30:08 INFO  ******* registro 10 : 
12/01/2016 15:30:32 WARN  java.lang.NullPointerException
12/01/2016 15:30:48 WARN  ******* Comienza el Reader : 
12/01/2016 15:30:48 INFO  ******* registro 10 : 
12/01/2016 15:30:48 WARN  java.lang.NullPointerException
12/01/2016 15:30:49 WARN  ******* Comienza el Reader : 
12/01/2016 15:30:49 INFO  ******* registro 10 : 
12/01/2016 15:30:49 WARN  java.lang.NullPointerException
12/01/2016 15:30:50 WARN  ******* Comienza el Reader : 
12/01/2016 15:30:50 INFO  ******* registro 10 : 
12/01/2016 15:30:50 WARN  java.lang.NullPointerException
12/01/2016 15:30:50 WARN  ******* Comienza el Reader : 
12/01/2016 15:30:50 INFO  ******* registro 10 : 
12/01/2016 15:30:50 WARN  java.lang.NullPointerException
12/01/2016 15:30:50 INFO  Executing step: [step6]
12/01/2016 15:30:50 INFO  ================== INICIO TAREA STEP 6   ================== 
12/01/2016 15:30:50 INFO  Soy el step 6
12/01/2016 15:30:50 INFO  ================== FIN TAREA STEP 6   ================== 

12/01/2016 15:30:50 INFO  Executing step: [chunk2]
12/01/2016 15:30:50 WARN  No resources to read. Set strict=true if this should be an error condition.
12/01/2016 15:30:51 INFO  Executing step: [fin]
12/01/2016 15:30:51 INFO  Task Fin
12/01/2016 15:30:51 INFO  Job: [FlowJob: [name=templateSpring]] completed with the following parameters: [{}] and the following status: [COMPLETED]
12/01/2016 15:30:51 INFO  ---- Fin proceso 
12/01/2016 16:26:38 INFO  Refreshing org.springframework.context.support.ClassPathXmlApplicationContext@e884c0e: startup date [Tue Jan 12 16:26:38 CET 2016]; root of context hierarchy
12/01/2016 16:26:38 INFO  Loading XML bean definitions from class path resource [META-INF/applicationContext.xml]
12/01/2016 16:26:38 INFO  Loading XML bean definitions from class path resource [META-INF/applicationDataSources.xml]
12/01/2016 16:26:39 INFO  Loading properties file from class path resource [config/template/SqlMapConfig.properties]
12/01/2016 16:26:39 INFO  Loading properties file from class path resource [config/template/prj.properties]
12/01/2016 16:26:39 INFO  Pre-instantiating singletons in org.springframework.beans.factory.support.DefaultListableBeanFactory@2c64e8ad: defining beans [org.springframework.context.annotation.internalConfigurationAnnotationProcessor,org.springframework.context.annotation.internalAutowiredAnnotationProcessor,org.springframework.context.annotation.internalRequiredAnnotationProcessor,org.springframework.context.annotation.internalCommonAnnotationProcessor,jobLauncher,listaEnteros,org.springframework.batch.core.scope.internalStepScope,org.springframework.batch.core.scope.internalJobScope,org.springframework.beans.factory.config.CustomEditorConfigurer,org.springframework.batch.core.configuration.xml.CoreNamespacePostProcessor,batch_state_transition_comparator,step1,step2,step3,step4,step5,chunk1,step6,chunk2,fin,org.springframework.batch.core.configuration.xml.SimpleFlowFactoryBean#0,templateSpring,taskExecutor,TaskStep1,TaskStep2,TaskStep3,TaskStep4,TaskStep5,TaskStep6,itemReaderChunk1,itemProcessChunk1,itemWriterChunk1,itemReaderChunk2,itemWriterChunk2,FlatFileItemReader,fieldSetMapper,DeciderReintentos,finTasklet,propertyConfigurer,dataSourceTemplate,transactionManager,defaultTxAttributes,jobRepository,JobTransactionManager,jobExplorer]; root of factory hierarchy
12/01/2016 16:26:39 INFO  No TaskExecutor has been set, defaulting to synchronous executor.
12/01/2016 16:26:39 INFO  Initializing ExecutorService  'taskExecutor'
12/01/2016 16:26:40 INFO  Job: [FlowJob: [name=templateSpring]] launched with the following parameters: [{}]
12/01/2016 16:26:40 INFO  Executing step: [step1]
12/01/2016 16:26:41 INFO  ================== INICIO TAREA STEP 1   ================== 
12/01/2016 16:26:41 INFO  Inicializo lista de enteros
12/01/2016 16:26:41 INFO  ================== FIN TAREA STEP 1   ================== 

12/01/2016 16:26:41 INFO  Executing step: [step2]
12/01/2016 16:26:41 INFO  ================== INICIO TAREA STEP 2   ================== 
12/01/2016 16:26:41 INFO  Soy el step 2
12/01/2016 16:26:41 INFO  ================== FIN TAREA STEP 2   ================== 

12/01/2016 16:26:41 INFO  Executing step: [step3]
12/01/2016 16:26:41 INFO  ================== INICIO TAREA STEP 3   ================== 
12/01/2016 16:26:41 INFO  Soy el step 3
12/01/2016 16:26:45 INFO  ================== FIN TAREA STEP 3   ================== 

12/01/2016 16:26:45 INFO  Executing step: [step4]
12/01/2016 16:26:45 INFO  ================== INICIO TAREA STEP 4   ================== 
12/01/2016 16:26:45 INFO  Soy el step 4
12/01/2016 16:26:45 INFO  ================== FIN TAREA STEP 4   ================== 

12/01/2016 16:26:45 INFO  Executing step: [step5]
12/01/2016 16:26:45 INFO  ================== INICIO TAREA STEP 5   ================== 
12/01/2016 16:26:45 INFO  Soy el step 5
12/01/2016 16:26:45 INFO  ================== FIN TAREA STEP 5   ================== 

12/01/2016 16:26:46 INFO  Executing step: [chunk1]
12/01/2016 16:26:48 WARN  ******* Comienza el Reader : 
12/01/2016 16:26:53 INFO  ******* registro 10 : 
12/01/2016 16:27:05 WARN  java.lang.NullPointerException
12/01/2016 16:28:06 INFO  Refreshing org.springframework.context.support.ClassPathXmlApplicationContext@12a4b8bc: startup date [Tue Jan 12 16:28:06 CET 2016]; root of context hierarchy
12/01/2016 16:28:06 INFO  Loading XML bean definitions from class path resource [META-INF/applicationContext.xml]
12/01/2016 16:28:06 INFO  Loading XML bean definitions from class path resource [META-INF/applicationDataSources.xml]
12/01/2016 16:28:07 INFO  Loading properties file from class path resource [config/template/SqlMapConfig.properties]
12/01/2016 16:28:07 INFO  Loading properties file from class path resource [config/template/prj.properties]
12/01/2016 16:28:07 INFO  Pre-instantiating singletons in org.springframework.beans.factory.support.DefaultListableBeanFactory@18f7cd36: defining beans [org.springframework.context.annotation.internalConfigurationAnnotationProcessor,org.springframework.context.annotation.internalAutowiredAnnotationProcessor,org.springframework.context.annotation.internalRequiredAnnotationProcessor,org.springframework.context.annotation.internalCommonAnnotationProcessor,jobLauncher,listaEnteros,org.springframework.batch.core.scope.internalStepScope,org.springframework.batch.core.scope.internalJobScope,org.springframework.beans.factory.config.CustomEditorConfigurer,org.springframework.batch.core.configuration.xml.CoreNamespacePostProcessor,batch_state_transition_comparator,step1,step2,step3,step4,step5,chunk1,step6,chunk2,fin,org.springframework.batch.core.configuration.xml.SimpleFlowFactoryBean#0,templateSpring,taskExecutor,TaskStep1,TaskStep2,TaskStep3,TaskStep4,TaskStep5,TaskStep6,itemReaderChunk1,itemProcessChunk1,itemWriterChunk1,itemReaderChunk2,itemWriterChunk2,FlatFileItemReader,fieldSetMapper,DeciderReintentos,finTasklet,propertyConfigurer,dataSourceTemplate,transactionManager,defaultTxAttributes,jobRepository,JobTransactionManager,jobExplorer]; root of factory hierarchy
12/01/2016 16:28:07 INFO  No TaskExecutor has been set, defaulting to synchronous executor.
12/01/2016 16:28:07 INFO  Initializing ExecutorService  'taskExecutor'
12/01/2016 16:28:08 INFO  Job: [FlowJob: [name=templateSpring]] launched with the following parameters: [{}]
12/01/2016 16:28:08 INFO  Executing step: [step1]
12/01/2016 16:28:09 INFO  ================== INICIO TAREA STEP 1   ================== 
12/01/2016 16:28:09 INFO  Inicializo lista de enteros
12/01/2016 16:28:09 INFO  ================== FIN TAREA STEP 1   ================== 

12/01/2016 16:28:09 INFO  Executing step: [step2]
12/01/2016 16:28:09 INFO  ================== INICIO TAREA STEP 2   ================== 
12/01/2016 16:28:09 INFO  Soy el step 2
12/01/2016 16:28:09 INFO  ================== FIN TAREA STEP 2   ================== 

12/01/2016 16:28:09 INFO  Executing step: [step3]
12/01/2016 16:28:09 INFO  ================== INICIO TAREA STEP 3   ================== 
12/01/2016 16:28:09 INFO  Soy el step 3
12/01/2016 16:28:13 INFO  ================== FIN TAREA STEP 3   ================== 

12/01/2016 16:28:13 INFO  Executing step: [step4]
12/01/2016 16:28:13 INFO  ================== INICIO TAREA STEP 4   ================== 
12/01/2016 16:28:13 INFO  Soy el step 4
12/01/2016 16:28:13 INFO  ================== FIN TAREA STEP 4   ================== 

12/01/2016 16:28:13 INFO  Executing step: [step5]
12/01/2016 16:28:13 INFO  ================== INICIO TAREA STEP 5   ================== 
12/01/2016 16:28:13 INFO  Soy el step 5
12/01/2016 16:28:13 INFO  ================== FIN TAREA STEP 5   ================== 

12/01/2016 16:28:13 INFO  Executing step: [chunk1]
12/01/2016 16:28:15 WARN  ******* Comienza el Reader : 
12/01/2016 16:28:17 INFO  ******* registro 10 : 
12/01/2016 16:28:29 WARN  ******* Comienza el Processs : 
12/01/2016 16:31:33 INFO  Refreshing org.springframework.context.support.ClassPathXmlApplicationContext@12a4b8bc: startup date [Tue Jan 12 16:31:33 CET 2016]; root of context hierarchy
12/01/2016 16:31:33 INFO  Loading XML bean definitions from class path resource [META-INF/applicationContext.xml]
12/01/2016 16:31:33 INFO  Loading XML bean definitions from class path resource [META-INF/applicationDataSources.xml]
12/01/2016 16:31:34 INFO  Loading properties file from class path resource [config/template/SqlMapConfig.properties]
12/01/2016 16:31:34 INFO  Loading properties file from class path resource [config/template/prj.properties]
12/01/2016 16:31:34 INFO  Pre-instantiating singletons in org.springframework.beans.factory.support.DefaultListableBeanFactory@34c1a108: defining beans [org.springframework.context.annotation.internalConfigurationAnnotationProcessor,org.springframework.context.annotation.internalAutowiredAnnotationProcessor,org.springframework.context.annotation.internalRequiredAnnotationProcessor,org.springframework.context.annotation.internalCommonAnnotationProcessor,jobLauncher,listaEnteros,org.springframework.batch.core.scope.internalStepScope,org.springframework.batch.core.scope.internalJobScope,org.springframework.beans.factory.config.CustomEditorConfigurer,org.springframework.batch.core.configuration.xml.CoreNamespacePostProcessor,batch_state_transition_comparator,step1,step2,step3,step4,step5,chunk1,step6,chunk2,fin,org.springframework.batch.core.configuration.xml.SimpleFlowFactoryBean#0,templateSpring,taskExecutor,TaskStep1,TaskStep2,TaskStep3,TaskStep4,TaskStep5,TaskStep6,itemReaderChunk1,itemProcessChunk1,itemWriterChunk1,itemReaderChunk2,itemWriterChunk2,FlatFileItemReader,fieldSetMapper,DeciderReintentos,finTasklet,propertyConfigurer,dataSourceTemplate,transactionManager,defaultTxAttributes,jobRepository,JobTransactionManager,jobExplorer]; root of factory hierarchy
12/01/2016 16:31:34 INFO  No TaskExecutor has been set, defaulting to synchronous executor.
12/01/2016 16:31:34 INFO  Initializing ExecutorService  'taskExecutor'
12/01/2016 16:31:35 INFO  Job: [FlowJob: [name=templateSpring]] launched with the following parameters: [{}]
12/01/2016 16:31:35 INFO  Executing step: [step1]
12/01/2016 16:31:36 INFO  ================== INICIO TAREA STEP 1   ================== 
12/01/2016 16:31:36 INFO  Inicializo lista de enteros
12/01/2016 16:31:36 INFO  ================== FIN TAREA STEP 1   ================== 

12/01/2016 16:31:36 INFO  Executing step: [step2]
12/01/2016 16:31:36 INFO  ================== INICIO TAREA STEP 2   ================== 
12/01/2016 16:31:36 INFO  Soy el step 2
12/01/2016 16:31:36 INFO  ================== FIN TAREA STEP 2   ================== 

12/01/2016 16:31:36 INFO  Executing step: [step3]
12/01/2016 16:31:36 INFO  ================== INICIO TAREA STEP 3   ================== 
12/01/2016 16:31:36 INFO  Soy el step 3
12/01/2016 16:31:40 INFO  ================== FIN TAREA STEP 3   ================== 

12/01/2016 16:31:40 INFO  Executing step: [step4]
12/01/2016 16:31:40 INFO  ================== INICIO TAREA STEP 4   ================== 
12/01/2016 16:31:40 INFO  Soy el step 4
12/01/2016 16:31:40 INFO  ================== FIN TAREA STEP 4   ================== 

12/01/2016 16:31:40 INFO  Executing step: [step5]
12/01/2016 16:31:40 INFO  ================== INICIO TAREA STEP 5   ================== 
12/01/2016 16:31:40 INFO  Soy el step 5
12/01/2016 16:31:40 INFO  ================== FIN TAREA STEP 5   ================== 

12/01/2016 16:31:40 INFO  Executing step: [chunk1]
12/01/2016 16:31:43 WARN  ******* Comienza el Reader : 
12/01/2016 16:31:46 INFO  ******* registro 10 : 
12/01/2016 16:31:46 WARN  ******* Comienza el Processs : 
12/01/2016 16:32:03 WARN  ******* Comienza Writer : 
12/01/2016 16:32:04 WARN  ******* Comienza el Reader : 
12/01/2016 16:32:04 INFO  ******* registro 9 : 
12/01/2016 16:32:04 WARN  ******* Comienza el Processs : 
12/01/2016 16:32:06 WARN  ******* Comienza Writer : 
12/01/2016 16:32:07 WARN  ******* Comienza el Reader : 
12/01/2016 16:32:07 INFO  ******* registro 8 : 
12/01/2016 16:32:07 WARN  ******* Comienza el Processs : 
12/01/2016 16:32:07 WARN  ******* Comienza Writer : 
12/01/2016 16:32:07 WARN  ******* Comienza el Reader : 
12/01/2016 16:32:07 INFO  ******* registro 7 : 
12/01/2016 16:32:07 WARN  ******* Comienza el Processs : 
12/01/2016 16:32:08 WARN  ******* Comienza Writer : 
12/01/2016 16:32:08 WARN  ******* Comienza el Reader : 
12/01/2016 16:32:08 INFO  ******* registro 6 : 
12/01/2016 16:32:08 WARN  ******* Comienza el Processs : 
12/01/2016 16:32:09 WARN  ******* Comienza Writer : 
12/01/2016 16:32:28 WARN  ******* Comienza el Reader : 
12/01/2016 16:32:28 INFO  ******* registro 5 : 
12/01/2016 16:32:28 WARN  ******* Comienza el Processs : 
12/01/2016 16:32:29 WARN  ******* Comienza Writer : 
12/01/2016 16:32:29 WARN  ******* Comienza el Reader : 
12/01/2016 16:32:29 INFO  ******* registro 4 : 
12/01/2016 16:32:29 WARN  ******* Comienza el Processs : 
12/01/2016 16:32:30 WARN  ******* Comienza Writer : 
12/01/2016 16:32:31 WARN  ******* Comienza el Reader : 
12/01/2016 16:32:31 INFO  ******* registro 3 : 
12/01/2016 16:32:31 WARN  ******* Comienza el Processs : 
12/01/2016 16:32:32 WARN  ******* Comienza Writer : 
12/01/2016 16:32:33 WARN  ******* Comienza el Reader : 
12/01/2016 16:32:33 INFO  ******* registro 2 : 
12/01/2016 16:32:33 WARN  ******* Comienza el Processs : 
12/01/2016 16:32:35 WARN  ******* Comienza Writer : 
12/01/2016 16:32:36 WARN  ******* Comienza el Reader : 
12/01/2016 16:32:36 INFO  ******* registro 1 : 
12/01/2016 16:32:36 WARN  ******* Comienza el Processs : 
12/01/2016 16:32:37 WARN  ******* Comienza Writer : 
12/01/2016 16:32:38 WARN  ******* Comienza el Reader : 
12/01/2016 16:32:38 WARN  ******* Comienza el Reader : 
12/01/2016 16:32:38 WARN  ******* Comienza el Reader : 
12/01/2016 16:32:38 WARN  ******* Comienza el Reader : 
12/01/2016 16:32:39 WARN  ******* Comienza el Reader : 
12/01/2016 16:32:39 INFO  Executing step: [step6]
12/01/2016 16:32:39 INFO  ================== INICIO TAREA STEP 6   ================== 
12/01/2016 16:32:39 INFO  Soy el step 6
12/01/2016 16:32:39 INFO  ================== FIN TAREA STEP 6   ================== 

12/01/2016 16:32:39 INFO  Executing step: [chunk2]
12/01/2016 16:32:39 WARN  No resources to read. Set strict=true if this should be an error condition.
12/01/2016 16:32:39 INFO  Executing step: [fin]
12/01/2016 16:32:39 INFO  Task Fin
12/01/2016 16:32:39 INFO  Job: [FlowJob: [name=templateSpring]] completed with the following parameters: [{}] and the following status: [COMPLETED]
12/01/2016 16:32:39 INFO  ---- Fin proceso 
12/01/2016 16:36:35 INFO  Refreshing org.springframework.context.support.ClassPathXmlApplicationContext@3db8d241: startup date [Tue Jan 12 16:36:35 CET 2016]; root of context hierarchy
12/01/2016 16:36:36 INFO  Loading XML bean definitions from class path resource [META-INF/applicationContext.xml]
12/01/2016 16:36:36 INFO  Loading XML bean definitions from class path resource [META-INF/applicationDataSources.xml]
12/01/2016 16:36:36 INFO  Loading properties file from class path resource [config/template/SqlMapConfig.properties]
12/01/2016 16:36:36 INFO  Loading properties file from class path resource [config/template/prj.properties]
12/01/2016 16:36:36 INFO  Pre-instantiating singletons in org.springframework.beans.factory.support.DefaultListableBeanFactory@1262a130: defining beans [org.springframework.context.annotation.internalConfigurationAnnotationProcessor,org.springframework.context.annotation.internalAutowiredAnnotationProcessor,org.springframework.context.annotation.internalRequiredAnnotationProcessor,org.springframework.context.annotation.internalCommonAnnotationProcessor,jobLauncher,listaEnteros,org.springframework.batch.core.scope.internalStepScope,org.springframework.batch.core.scope.internalJobScope,org.springframework.beans.factory.config.CustomEditorConfigurer,org.springframework.batch.core.configuration.xml.CoreNamespacePostProcessor,batch_state_transition_comparator,step1,step2,step3,step4,step5,chunk1,step6,chunk2,fin,org.springframework.batch.core.configuration.xml.SimpleFlowFactoryBean#0,templateSpring,taskExecutor,TaskStep1,TaskStep2,TaskStep3,TaskStep4,TaskStep5,TaskStep6,itemReaderChunk1,itemProcessChunk1,itemWriterChunk1,itemReaderChunk2,itemWriterChunk2,FlatFileItemReader,fieldSetMapper,DeciderReintentos,finTasklet,propertyConfigurer,dataSourceTemplate,transactionManager,defaultTxAttributes,jobRepository,JobTransactionManager,jobExplorer]; root of factory hierarchy
12/01/2016 16:36:37 INFO  No TaskExecutor has been set, defaulting to synchronous executor.
12/01/2016 16:36:37 INFO  Initializing ExecutorService  'taskExecutor'
12/01/2016 16:36:37 INFO  Job: [FlowJob: [name=templateSpring]] launched with the following parameters: [{}]
12/01/2016 16:36:37 INFO  Executing step: [step1]
12/01/2016 16:36:38 INFO  ================== INICIO TAREA STEP 1   ================== 
12/01/2016 16:36:38 INFO  Inicializo lista de enteros
12/01/2016 16:36:38 INFO  ================== FIN TAREA STEP 1   ================== 

12/01/2016 16:36:38 INFO  Executing step: [step2]
12/01/2016 16:36:38 INFO  ================== INICIO TAREA STEP 2   ================== 
12/01/2016 16:36:38 INFO  Soy el step 2
12/01/2016 16:36:38 INFO  ================== FIN TAREA STEP 2   ================== 

12/01/2016 16:36:38 INFO  Executing step: [step3]
12/01/2016 16:36:38 INFO  ================== INICIO TAREA STEP 3   ================== 
12/01/2016 16:36:38 INFO  Soy el step 3
12/01/2016 16:36:42 INFO  ================== FIN TAREA STEP 3   ================== 

12/01/2016 16:36:42 INFO  Executing step: [step4]
12/01/2016 16:36:42 INFO  ================== INICIO TAREA STEP 4   ================== 
12/01/2016 16:36:42 INFO  Soy el step 4
12/01/2016 16:36:42 INFO  ================== FIN TAREA STEP 4   ================== 

12/01/2016 16:36:42 INFO  Executing step: [step5]
12/01/2016 16:36:42 INFO  ================== INICIO TAREA STEP 5   ================== 
12/01/2016 16:36:42 INFO  Soy el step 5
12/01/2016 16:36:42 INFO  ================== FIN TAREA STEP 5   ================== 

12/01/2016 16:36:43 INFO  Executing step: [chunk1]
12/01/2016 16:36:43 WARN  ******* Comienza el Reader : 
12/01/2016 16:36:43 INFO  ******* registro 10 : 
12/01/2016 16:36:43 WARN  ******* Comienza el Processs : 
12/01/2016 16:36:43 WARN  ******* Comienza Writer : 
12/01/2016 16:36:43 WARN  ******* Comienza el Reader : 
12/01/2016 16:36:43 INFO  ******* registro 9 : 
12/01/2016 16:36:43 WARN  ******* Comienza el Processs : 
12/01/2016 16:36:43 WARN  ******* Comienza Writer : 
12/01/2016 16:36:43 WARN  ******* Comienza el Reader : 
12/01/2016 16:36:43 INFO  ******* registro 8 : 
12/01/2016 16:36:43 WARN  ******* Comienza el Processs : 
12/01/2016 16:36:43 WARN  ******* Comienza Writer : 
12/01/2016 16:36:43 WARN  ******* Comienza el Reader : 
12/01/2016 16:36:43 INFO  ******* registro 7 : 
12/01/2016 16:36:43 WARN  ******* Comienza el Processs : 
12/01/2016 16:36:43 WARN  ******* Comienza Writer : 
12/01/2016 16:36:43 WARN  ******* Comienza el Reader : 
12/01/2016 16:36:43 INFO  ******* registro 6 : 
12/01/2016 16:36:43 WARN  ******* Comienza el Processs : 
12/01/2016 16:36:43 WARN  ******* Comienza Writer : 
12/01/2016 16:36:43 WARN  ******* Comienza el Reader : 
12/01/2016 16:36:43 INFO  ******* registro 5 : 
12/01/2016 16:36:43 WARN  ******* Comienza el Processs : 
12/01/2016 16:36:43 WARN  ******* Comienza Writer : 
12/01/2016 16:36:43 WARN  ******* Comienza el Reader : 
12/01/2016 16:36:43 INFO  ******* registro 4 : 
12/01/2016 16:36:43 WARN  ******* Comienza el Processs : 
12/01/2016 16:36:43 WARN  ******* Comienza Writer : 
12/01/2016 16:36:43 WARN  ******* Comienza el Reader : 
12/01/2016 16:36:43 INFO  ******* registro 3 : 
12/01/2016 16:36:43 WARN  ******* Comienza el Processs : 
12/01/2016 16:36:43 WARN  ******* Comienza Writer : 
12/01/2016 16:36:43 WARN  ******* Comienza el Reader : 
12/01/2016 16:36:43 INFO  ******* registro 2 : 
12/01/2016 16:36:43 WARN  ******* Comienza el Processs : 
12/01/2016 16:36:43 WARN  ******* Comienza Writer : 
12/01/2016 16:36:43 WARN  ******* Comienza el Reader : 
12/01/2016 16:36:43 INFO  ******* registro 1 : 
12/01/2016 16:36:43 WARN  ******* Comienza el Processs : 
12/01/2016 16:36:43 WARN  ******* Comienza Writer : 
12/01/2016 16:36:43 WARN  ******* Comienza el Reader : 
12/01/2016 16:36:43 WARN  ******* Comienza el Reader : 
12/01/2016 16:36:43 WARN  ******* Comienza el Reader : 
12/01/2016 16:36:43 WARN  ******* Comienza el Reader : 
12/01/2016 16:36:43 WARN  ******* Comienza el Reader : 
12/01/2016 16:36:43 INFO  Executing step: [step6]
12/01/2016 16:36:43 INFO  ================== INICIO TAREA STEP 6   ================== 
12/01/2016 16:36:43 INFO  Soy el step 6
12/01/2016 16:36:43 INFO  ================== FIN TAREA STEP 6   ================== 

12/01/2016 16:36:43 INFO  Executing step: [chunk2]
12/01/2016 16:36:43 WARN  No se ha insertado la linea por tener 4 campos
12/01/2016 16:36:43 WARN  No se ha insertado la linea por tener 4 campos
12/01/2016 16:36:43 WARN  No se ha insertado la linea por tener 4 campos
12/01/2016 16:36:43 WARN  No se ha insertado la linea por tener 4 campos
12/01/2016 16:36:43 WARN  No se ha insertado la linea por tener 4 campos
12/01/2016 16:36:43 WARN  No se ha insertado la linea por tener 4 campos
12/01/2016 16:36:43 WARN  No se ha insertado la linea por tener 4 campos
12/01/2016 16:36:43 WARN  No se ha insertado la linea por tener 4 campos
12/01/2016 16:36:43 WARN  No se ha insertado la linea por tener 4 campos
12/01/2016 16:36:43 WARN  No se ha insertado la linea por tener 4 campos
12/01/2016 16:36:43 WARN  No se ha insertado la linea por tener 4 campos
12/01/2016 16:36:43 WARN  No se ha insertado la linea por tener 4 campos
12/01/2016 16:36:43 WARN  No se ha insertado la linea por tener 4 campos
12/01/2016 16:36:43 WARN  No se ha insertado la linea por tener 4 campos
12/01/2016 16:36:43 WARN  No se ha insertado la linea por tener 4 campos
12/01/2016 16:36:43 WARN  No se ha insertado la linea por tener 4 campos
12/01/2016 16:36:43 WARN  No se ha insertado la linea por tener 4 campos
12/01/2016 16:36:43 WARN  No se ha insertado la linea por tener 4 campos
12/01/2016 16:36:43 WARN  ******* Comienza Writer : 
12/01/2016 16:36:43 INFO  Executing step: [fin]
12/01/2016 16:36:43 INFO  Task Fin
12/01/2016 16:36:43 INFO  Job: [FlowJob: [name=templateSpring]] completed with the following parameters: [{}] and the following status: [COMPLETED]
12/01/2016 16:36:43 INFO  ---- Fin proceso 
12/01/2016 16:38:44 INFO  Refreshing org.springframework.context.support.ClassPathXmlApplicationContext@30f3c90f: startup date [Tue Jan 12 16:38:44 CET 2016]; root of context hierarchy
12/01/2016 16:38:44 INFO  Loading XML bean definitions from class path resource [META-INF/applicationContext.xml]
12/01/2016 16:38:44 INFO  Loading XML bean definitions from class path resource [META-INF/applicationDataSources.xml]
12/01/2016 16:38:45 INFO  Loading properties file from class path resource [config/template/SqlMapConfig.properties]
12/01/2016 16:38:45 INFO  Loading properties file from class path resource [config/template/prj.properties]
12/01/2016 16:38:45 INFO  Pre-instantiating singletons in org.springframework.beans.factory.support.DefaultListableBeanFactory@1262a130: defining beans [org.springframework.context.annotation.internalConfigurationAnnotationProcessor,org.springframework.context.annotation.internalAutowiredAnnotationProcessor,org.springframework.context.annotation.internalRequiredAnnotationProcessor,org.springframework.context.annotation.internalCommonAnnotationProcessor,jobLauncher,listaEnteros,org.springframework.batch.core.scope.internalStepScope,org.springframework.batch.core.scope.internalJobScope,org.springframework.beans.factory.config.CustomEditorConfigurer,org.springframework.batch.core.configuration.xml.CoreNamespacePostProcessor,batch_state_transition_comparator,step1,step2,step3,step4,step5,chunk1,step6,chunk2,fin,org.springframework.batch.core.configuration.xml.SimpleFlowFactoryBean#0,templateSpring,taskExecutor,TaskStep1,TaskStep2,TaskStep3,TaskStep4,TaskStep5,TaskStep6,itemReaderChunk1,itemProcessChunk1,itemWriterChunk1,itemReaderChunk2,itemWriterChunk2,FlatFileItemReader,fieldSetMapper,DeciderReintentos,finTasklet,propertyConfigurer,dataSourceTemplate,transactionManager,defaultTxAttributes,jobRepository,JobTransactionManager,jobExplorer]; root of factory hierarchy
12/01/2016 16:38:45 INFO  No TaskExecutor has been set, defaulting to synchronous executor.
12/01/2016 16:38:45 INFO  Initializing ExecutorService  'taskExecutor'
12/01/2016 16:38:46 INFO  Job: [FlowJob: [name=templateSpring]] launched with the following parameters: [{}]
12/01/2016 16:38:46 INFO  Executing step: [step1]
12/01/2016 16:38:47 INFO  ================== INICIO TAREA STEP 1   ================== 
12/01/2016 16:38:47 INFO  Inicializo lista de enteros
12/01/2016 16:38:47 INFO  ================== FIN TAREA STEP 1   ================== 

12/01/2016 16:38:47 INFO  Executing step: [step2]
12/01/2016 16:38:47 INFO  ================== INICIO TAREA STEP 2   ================== 
12/01/2016 16:38:47 INFO  Soy el step 2
12/01/2016 16:38:47 INFO  ================== FIN TAREA STEP 2   ================== 

12/01/2016 16:38:47 INFO  Executing step: [step3]
12/01/2016 16:38:47 INFO  ================== INICIO TAREA STEP 3   ================== 
12/01/2016 16:38:47 INFO  Soy el step 3
12/01/2016 16:38:51 INFO  ================== FIN TAREA STEP 3   ================== 

12/01/2016 16:38:51 INFO  Executing step: [step4]
12/01/2016 16:38:51 INFO  ================== INICIO TAREA STEP 4   ================== 
12/01/2016 16:38:51 INFO  Soy el step 4
12/01/2016 16:38:51 INFO  ================== FIN TAREA STEP 4   ================== 

12/01/2016 16:38:51 INFO  Executing step: [step5]
12/01/2016 16:38:51 INFO  ================== INICIO TAREA STEP 5   ================== 
12/01/2016 16:38:51 INFO  Soy el step 5
12/01/2016 16:38:51 INFO  ================== FIN TAREA STEP 5   ================== 

12/01/2016 16:38:51 INFO  Executing step: [chunk1]
12/01/2016 16:38:51 WARN  ******* Comienza el Reader : 
12/01/2016 16:38:51 INFO  ******* registro 10 : 
12/01/2016 16:38:51 WARN  ******* Comienza el Processs : 
12/01/2016 16:38:51 WARN  ******* Comienza Writer : 
12/01/2016 16:38:51 WARN  ******* Comienza el Reader : 
12/01/2016 16:38:51 INFO  ******* registro 9 : 
12/01/2016 16:38:51 WARN  ******* Comienza el Processs : 
12/01/2016 16:38:51 WARN  ******* Comienza Writer : 
12/01/2016 16:38:51 WARN  ******* Comienza el Reader : 
12/01/2016 16:38:51 INFO  ******* registro 8 : 
12/01/2016 16:38:51 WARN  ******* Comienza el Processs : 
12/01/2016 16:38:51 WARN  ******* Comienza Writer : 
12/01/2016 16:38:51 WARN  ******* Comienza el Reader : 
12/01/2016 16:38:51 INFO  ******* registro 7 : 
12/01/2016 16:38:51 WARN  ******* Comienza el Processs : 
12/01/2016 16:38:51 WARN  ******* Comienza Writer : 
12/01/2016 16:38:51 WARN  ******* Comienza el Reader : 
12/01/2016 16:38:51 INFO  ******* registro 6 : 
12/01/2016 16:38:51 WARN  ******* Comienza el Processs : 
12/01/2016 16:38:51 WARN  ******* Comienza Writer : 
12/01/2016 16:38:51 WARN  ******* Comienza el Reader : 
12/01/2016 16:38:51 INFO  ******* registro 5 : 
12/01/2016 16:38:51 WARN  ******* Comienza el Processs : 
12/01/2016 16:38:51 WARN  ******* Comienza Writer : 
12/01/2016 16:38:51 WARN  ******* Comienza el Reader : 
12/01/2016 16:38:51 INFO  ******* registro 4 : 
12/01/2016 16:38:51 WARN  ******* Comienza el Processs : 
12/01/2016 16:38:51 WARN  ******* Comienza Writer : 
12/01/2016 16:38:51 WARN  ******* Comienza el Reader : 
12/01/2016 16:38:51 INFO  ******* registro 3 : 
12/01/2016 16:38:51 WARN  ******* Comienza el Processs : 
12/01/2016 16:38:51 WARN  ******* Comienza Writer : 
12/01/2016 16:38:51 WARN  ******* Comienza el Reader : 
12/01/2016 16:38:51 INFO  ******* registro 2 : 
12/01/2016 16:38:51 WARN  ******* Comienza el Processs : 
12/01/2016 16:38:51 WARN  ******* Comienza Writer : 
12/01/2016 16:38:51 WARN  ******* Comienza el Reader : 
12/01/2016 16:38:51 INFO  ******* registro 1 : 
12/01/2016 16:38:51 WARN  ******* Comienza el Processs : 
12/01/2016 16:38:51 WARN  ******* Comienza Writer : 
12/01/2016 16:38:51 WARN  ******* Comienza el Reader : 
12/01/2016 16:38:51 WARN  ******* Comienza el Reader : 
12/01/2016 16:38:51 WARN  ******* Comienza el Reader : 
12/01/2016 16:38:51 WARN  ******* Comienza el Reader : 
12/01/2016 16:38:51 WARN  ******* Comienza el Reader : 
12/01/2016 16:38:51 INFO  Executing step: [step6]
12/01/2016 16:38:51 INFO  ================== INICIO TAREA STEP 6   ================== 
12/01/2016 16:38:51 INFO  Soy el step 6
12/01/2016 16:38:51 INFO  ================== FIN TAREA STEP 6   ================== 

12/01/2016 16:38:51 INFO  Executing step: [chunk2]
12/01/2016 16:38:51 WARN  ******* Comienza Writer : 
12/01/2016 16:38:51 INFO  Executing step: [fin]
12/01/2016 16:38:51 INFO  Task Fin
12/01/2016 16:38:51 INFO  Job: [FlowJob: [name=templateSpring]] completed with the following parameters: [{}] and the following status: [COMPLETED]
12/01/2016 16:38:51 INFO  ---- Fin proceso 
12/01/2016 16:40:30 INFO  Refreshing org.springframework.context.support.ClassPathXmlApplicationContext@16393296: startup date [Tue Jan 12 16:40:30 CET 2016]; root of context hierarchy
12/01/2016 16:40:30 INFO  Loading XML bean definitions from class path resource [META-INF/applicationContext.xml]
12/01/2016 16:40:30 INFO  Loading XML bean definitions from class path resource [META-INF/applicationDataSources.xml]
12/01/2016 16:40:31 INFO  Loading properties file from class path resource [config/template/SqlMapConfig.properties]
12/01/2016 16:40:31 INFO  Loading properties file from class path resource [config/template/prj.properties]
12/01/2016 16:40:31 INFO  Pre-instantiating singletons in org.springframework.beans.factory.support.DefaultListableBeanFactory@7e2b2718: defining beans [org.springframework.context.annotation.internalConfigurationAnnotationProcessor,org.springframework.context.annotation.internalAutowiredAnnotationProcessor,org.springframework.context.annotation.internalRequiredAnnotationProcessor,org.springframework.context.annotation.internalCommonAnnotationProcessor,jobLauncher,listaEnteros,org.springframework.batch.core.scope.internalStepScope,org.springframework.batch.core.scope.internalJobScope,org.springframework.beans.factory.config.CustomEditorConfigurer,org.springframework.batch.core.configuration.xml.CoreNamespacePostProcessor,batch_state_transition_comparator,step1,step2,step3,step4,step5,chunk1,step6,chunk2,fin,org.springframework.batch.core.configuration.xml.SimpleFlowFactoryBean#0,templateSpring,taskExecutor,TaskStep1,TaskStep2,TaskStep3,TaskStep4,TaskStep5,TaskStep6,itemReaderChunk1,itemProcessChunk1,itemWriterChunk1,itemReaderChunk2,itemWriterChunk2,FlatFileItemReader,fieldSetMapper,DeciderReintentos,finTasklet,propertyConfigurer,dataSourceTemplate,transactionManager,defaultTxAttributes,jobRepository,JobTransactionManager,jobExplorer]; root of factory hierarchy
12/01/2016 16:40:31 INFO  No TaskExecutor has been set, defaulting to synchronous executor.
12/01/2016 16:40:31 INFO  Initializing ExecutorService  'taskExecutor'
12/01/2016 16:40:32 INFO  Job: [FlowJob: [name=templateSpring]] launched with the following parameters: [{}]
12/01/2016 16:40:32 INFO  Executing step: [step1]
12/01/2016 16:40:33 INFO  ================== INICIO TAREA STEP 1   ================== 
12/01/2016 16:40:33 INFO  Inicializo lista de enteros
12/01/2016 16:40:33 INFO  ================== FIN TAREA STEP 1   ================== 

12/01/2016 16:40:33 INFO  Executing step: [step2]
12/01/2016 16:40:33 INFO  ================== INICIO TAREA STEP 2   ================== 
12/01/2016 16:40:33 INFO  Soy el step 2
12/01/2016 16:40:33 INFO  ================== FIN TAREA STEP 2   ================== 

12/01/2016 16:40:33 INFO  Executing step: [step3]
12/01/2016 16:40:33 INFO  ================== INICIO TAREA STEP 3   ================== 
12/01/2016 16:40:33 INFO  Soy el step 3
12/01/2016 16:40:37 INFO  ================== FIN TAREA STEP 3   ================== 

12/01/2016 16:40:37 INFO  Executing step: [step4]
12/01/2016 16:40:37 INFO  ================== INICIO TAREA STEP 4   ================== 
12/01/2016 16:40:37 INFO  Soy el step 4
12/01/2016 16:40:37 INFO  ================== FIN TAREA STEP 4   ================== 

12/01/2016 16:40:37 INFO  Executing step: [step5]
12/01/2016 16:40:37 INFO  ================== INICIO TAREA STEP 5   ================== 
12/01/2016 16:40:37 INFO  Soy el step 5
12/01/2016 16:40:37 INFO  ================== FIN TAREA STEP 5   ================== 

12/01/2016 16:40:37 INFO  Executing step: [chunk1]
12/01/2016 16:40:43 WARN  ******* Comienza el Reader : 
12/01/2016 16:40:43 INFO  ******* registro 10 : 
12/01/2016 16:40:43 WARN  ******* Comienza el Processs : 
12/01/2016 16:44:54 INFO  Refreshing org.springframework.context.support.ClassPathXmlApplicationContext@3db8d241: startup date [Tue Jan 12 16:44:54 CET 2016]; root of context hierarchy
12/01/2016 16:44:54 INFO  Loading XML bean definitions from class path resource [META-INF/applicationContext.xml]
12/01/2016 16:44:54 INFO  Loading XML bean definitions from class path resource [META-INF/applicationDataSources.xml]
12/01/2016 16:44:55 INFO  Loading properties file from class path resource [config/template/SqlMapConfig.properties]
12/01/2016 16:44:55 INFO  Loading properties file from class path resource [config/template/prj.properties]
12/01/2016 16:44:55 INFO  Pre-instantiating singletons in org.springframework.beans.factory.support.DefaultListableBeanFactory@25e1e86e: defining beans [org.springframework.context.annotation.internalConfigurationAnnotationProcessor,org.springframework.context.annotation.internalAutowiredAnnotationProcessor,org.springframework.context.annotation.internalRequiredAnnotationProcessor,org.springframework.context.annotation.internalCommonAnnotationProcessor,jobLauncher,listaEnteros,org.springframework.batch.core.scope.internalStepScope,org.springframework.batch.core.scope.internalJobScope,org.springframework.beans.factory.config.CustomEditorConfigurer,org.springframework.batch.core.configuration.xml.CoreNamespacePostProcessor,batch_state_transition_comparator,step1,step2,step3,step4,step5,chunk1,step6,chunk2,fin,org.springframework.batch.core.configuration.xml.SimpleFlowFactoryBean#0,templateSpring,taskExecutor,TaskStep1,TaskStep2,TaskStep3,TaskStep4,TaskStep5,TaskStep6,itemReaderChunk1,itemProcessChunk1,itemWriterChunk1,itemReaderChunk2,itemWriterChunk2,FlatFileItemReader,fieldSetMapper,DeciderReintentos,finTasklet,propertyConfigurer,dataSourceTemplate,transactionManager,defaultTxAttributes,jobRepository,JobTransactionManager,jobExplorer]; root of factory hierarchy
12/01/2016 16:44:55 INFO  No TaskExecutor has been set, defaulting to synchronous executor.
12/01/2016 16:44:55 INFO  Initializing ExecutorService  'taskExecutor'
12/01/2016 16:44:56 INFO  Job: [FlowJob: [name=templateSpring]] launched with the following parameters: [{}]
12/01/2016 16:44:56 INFO  Executing step: [step1]
12/01/2016 16:44:56 INFO  ================== INICIO TAREA STEP 1   ================== 
12/01/2016 16:44:56 INFO  Inicializo lista de enteros
12/01/2016 16:44:56 INFO  ================== FIN TAREA STEP 1   ================== 

12/01/2016 16:44:57 INFO  Executing step: [step2]
12/01/2016 16:44:57 INFO  ================== INICIO TAREA STEP 2   ================== 
12/01/2016 16:44:57 INFO  Soy el step 2
12/01/2016 16:44:57 INFO  ================== FIN TAREA STEP 2   ================== 

12/01/2016 16:44:57 INFO  Executing step: [step3]
12/01/2016 16:44:57 INFO  ================== INICIO TAREA STEP 3   ================== 
12/01/2016 16:44:57 INFO  Soy el step 3
12/01/2016 16:45:01 INFO  ================== FIN TAREA STEP 3   ================== 

12/01/2016 16:45:01 INFO  Executing step: [step4]
12/01/2016 16:45:01 INFO  ================== INICIO TAREA STEP 4   ================== 
12/01/2016 16:45:01 INFO  Soy el step 4
12/01/2016 16:45:01 INFO  ================== FIN TAREA STEP 4   ================== 

12/01/2016 16:45:01 INFO  Executing step: [step5]
12/01/2016 16:45:01 INFO  ================== INICIO TAREA STEP 5   ================== 
12/01/2016 16:45:01 INFO  Soy el step 5
12/01/2016 16:45:01 INFO  ================== FIN TAREA STEP 5   ================== 

12/01/2016 16:45:01 INFO  Executing step: [chunk1]
12/01/2016 16:45:01 WARN  ******* Comienza el Reader : 
12/01/2016 16:45:01 INFO  ******* registro 10 : 
12/01/2016 16:45:01 WARN  ******* Comienza el Processs : 
12/01/2016 16:45:01 WARN  ******* Comienza Writer : 
12/01/2016 16:45:01 WARN  ******* Comienza el Reader : 
12/01/2016 16:45:01 INFO  ******* registro 9 : 
12/01/2016 16:45:01 WARN  ******* Comienza el Processs : 
12/01/2016 16:45:01 WARN  ******* Comienza Writer : 
12/01/2016 16:45:01 WARN  ******* Comienza el Reader : 
12/01/2016 16:45:01 INFO  ******* registro 8 : 
12/01/2016 16:45:01 WARN  ******* Comienza el Processs : 
12/01/2016 16:45:01 WARN  ******* Comienza Writer : 
12/01/2016 16:45:01 WARN  ******* Comienza el Reader : 
12/01/2016 16:45:01 INFO  ******* registro 7 : 
12/01/2016 16:45:01 WARN  ******* Comienza el Processs : 
12/01/2016 16:45:01 WARN  ******* Comienza Writer : 
12/01/2016 16:45:01 WARN  ******* Comienza el Reader : 
12/01/2016 16:45:01 INFO  ******* registro 6 : 
12/01/2016 16:45:01 WARN  ******* Comienza el Processs : 
12/01/2016 16:45:01 WARN  ******* Comienza Writer : 
12/01/2016 16:45:01 WARN  ******* Comienza el Reader : 
12/01/2016 16:45:01 INFO  ******* registro 5 : 
12/01/2016 16:45:01 WARN  ******* Comienza el Processs : 
12/01/2016 16:45:01 WARN  ******* Comienza Writer : 
12/01/2016 16:45:01 WARN  ******* Comienza el Reader : 
12/01/2016 16:45:01 INFO  ******* registro 4 : 
12/01/2016 16:45:01 WARN  ******* Comienza el Processs : 
12/01/2016 16:45:01 WARN  ******* Comienza Writer : 
12/01/2016 16:45:01 WARN  ******* Comienza el Reader : 
12/01/2016 16:45:01 INFO  ******* registro 3 : 
12/01/2016 16:45:01 WARN  ******* Comienza el Processs : 
12/01/2016 16:45:01 WARN  ******* Comienza Writer : 
12/01/2016 16:45:01 WARN  ******* Comienza el Reader : 
12/01/2016 16:45:01 INFO  ******* registro 2 : 
12/01/2016 16:45:01 WARN  ******* Comienza el Processs : 
12/01/2016 16:45:01 WARN  ******* Comienza Writer : 
12/01/2016 16:45:01 WARN  ******* Comienza el Reader : 
12/01/2016 16:45:01 INFO  ******* registro 1 : 
12/01/2016 16:45:01 WARN  ******* Comienza el Processs : 
12/01/2016 16:45:01 WARN  ******* Comienza Writer : 
12/01/2016 16:45:01 WARN  ******* Comienza el Reader : 
12/01/2016 16:45:01 WARN  ******* Comienza el Reader : 
12/01/2016 16:45:01 WARN  ******* Comienza el Reader : 
12/01/2016 16:45:01 WARN  ******* Comienza el Reader : 
12/01/2016 16:45:01 WARN  ******* Comienza el Reader : 
12/01/2016 16:45:01 INFO  Executing step: [step6]
12/01/2016 16:45:01 INFO  ================== INICIO TAREA STEP 6   ================== 
12/01/2016 16:45:01 INFO  Soy el step 6
12/01/2016 16:45:01 INFO  ================== FIN TAREA STEP 6   ================== 

12/01/2016 16:45:01 INFO  Executing step: [chunk2]
12/01/2016 16:45:01 WARN  ******* Comienza Writer : 
12/01/2016 16:45:01 INFO  Nombre: Carlos
12/01/2016 16:45:01 INFO  Apellido: Perez
12/01/2016 16:45:01 INFO  Dni: 72011111
12/01/2016 16:45:01 INFO  Edad: 20
12/01/2016 16:45:01 INFO  Nombre: Maria
12/01/2016 16:45:01 INFO  Apellido: Gomez
12/01/2016 16:45:01 INFO  Dni: 72022222
12/01/2016 16:45:01 INFO  Edad: 22
12/01/2016 16:45:01 INFO  Nombre: Carmen
12/01/2016 16:45:01 INFO  Apellido: Fernandez
12/01/2016 16:45:01 INFO  Dni: 72055555
12/01/2016 16:45:01 INFO  Edad: 30
12/01/2016 16:45:01 INFO  Nombre: Carlos
12/01/2016 16:45:01 INFO  Apellido: Perez
12/01/2016 16:45:01 INFO  Dni: 72011111
12/01/2016 16:45:01 INFO  Edad: 20
12/01/2016 16:45:01 INFO  Nombre: Maria
12/01/2016 16:45:01 INFO  Apellido: Gomez
12/01/2016 16:45:01 INFO  Dni: 72022222
12/01/2016 16:45:01 INFO  Edad: 22
12/01/2016 16:45:01 INFO  Nombre: Carmen
12/01/2016 16:45:01 INFO  Apellido: Fernandez
12/01/2016 16:45:01 INFO  Dni: 72055555
12/01/2016 16:45:01 INFO  Edad: 30
12/01/2016 16:45:01 INFO  Nombre: Carlos
12/01/2016 16:45:01 INFO  Apellido: Perez
12/01/2016 16:45:01 INFO  Dni: 72011111
12/01/2016 16:45:01 INFO  Edad: 20
12/01/2016 16:45:01 INFO  Nombre: Maria
12/01/2016 16:45:01 INFO  Apellido: Gomez
12/01/2016 16:45:01 INFO  Dni: 72022222
12/01/2016 16:45:01 INFO  Edad: 22
12/01/2016 16:45:01 INFO  Nombre: Carmen
12/01/2016 16:45:01 INFO  Apellido: Fernandez
12/01/2016 16:45:01 INFO  Dni: 72055555
12/01/2016 16:45:01 INFO  Edad: 30
12/01/2016 16:45:01 INFO  Nombre: Carlos
12/01/2016 16:45:01 INFO  Apellido: Perez
12/01/2016 16:45:01 INFO  Dni: 72011111
12/01/2016 16:45:01 INFO  Edad: 20
12/01/2016 16:45:01 INFO  Nombre: Maria
12/01/2016 16:45:01 INFO  Apellido: Gomez
12/01/2016 16:45:01 INFO  Dni: 72022222
12/01/2016 16:45:01 INFO  Edad: 22
12/01/2016 16:45:01 INFO  Nombre: Carmen
12/01/2016 16:45:01 INFO  Apellido: Fernandez
12/01/2016 16:45:01 INFO  Dni: 72055555
12/01/2016 16:45:01 INFO  Edad: 30
12/01/2016 16:45:01 INFO  Nombre: Carlos
12/01/2016 16:45:01 INFO  Apellido: Perez
12/01/2016 16:45:01 INFO  Dni: 72011111
12/01/2016 16:45:01 INFO  Edad: 20
12/01/2016 16:45:01 INFO  Nombre: Maria
12/01/2016 16:45:01 INFO  Apellido: Gomez
12/01/2016 16:45:01 INFO  Dni: 72022222
12/01/2016 16:45:01 INFO  Edad: 22
12/01/2016 16:45:01 INFO  Nombre: Carmen
12/01/2016 16:45:01 INFO  Apellido: Fernandez
12/01/2016 16:45:01 INFO  Dni: 72055555
12/01/2016 16:45:01 INFO  Edad: 30
12/01/2016 16:45:01 INFO  Nombre: Carlos
12/01/2016 16:45:01 INFO  Apellido: Perez
12/01/2016 16:45:01 INFO  Dni: 72011111
12/01/2016 16:45:01 INFO  Edad: 20
12/01/2016 16:45:01 INFO  Nombre: Maria
12/01/2016 16:45:01 INFO  Apellido: Gomez
12/01/2016 16:45:01 INFO  Dni: 72022222
12/01/2016 16:45:01 INFO  Edad: 22
12/01/2016 16:45:01 INFO  Nombre: Carmen
12/01/2016 16:45:01 INFO  Apellido: Fernandez
12/01/2016 16:45:01 INFO  Dni: 72055555
12/01/2016 16:45:01 INFO  Edad: 30
12/01/2016 16:45:01 INFO  Executing step: [fin]
12/01/2016 16:45:01 INFO  Task Fin
12/01/2016 16:45:01 INFO  Job: [FlowJob: [name=templateSpring]] completed with the following parameters: [{}] and the following status: [COMPLETED]
12/01/2016 16:45:01 INFO  ---- Fin proceso 
12/01/2016 16:45:56 INFO  Refreshing org.springframework.context.support.ClassPathXmlApplicationContext@3db8d241: startup date [Tue Jan 12 16:45:56 CET 2016]; root of context hierarchy
12/01/2016 16:45:56 INFO  Loading XML bean definitions from class path resource [META-INF/applicationContext.xml]
12/01/2016 16:45:57 INFO  Loading XML bean definitions from class path resource [META-INF/applicationDataSources.xml]
12/01/2016 16:45:57 INFO  Loading properties file from class path resource [config/template/SqlMapConfig.properties]
12/01/2016 16:45:57 INFO  Loading properties file from class path resource [config/template/prj.properties]
12/01/2016 16:45:57 INFO  Pre-instantiating singletons in org.springframework.beans.factory.support.DefaultListableBeanFactory@1262a130: defining beans [org.springframework.context.annotation.internalConfigurationAnnotationProcessor,org.springframework.context.annotation.internalAutowiredAnnotationProcessor,org.springframework.context.annotation.internalRequiredAnnotationProcessor,org.springframework.context.annotation.internalCommonAnnotationProcessor,jobLauncher,listaEnteros,org.springframework.batch.core.scope.internalStepScope,org.springframework.batch.core.scope.internalJobScope,org.springframework.beans.factory.config.CustomEditorConfigurer,org.springframework.batch.core.configuration.xml.CoreNamespacePostProcessor,batch_state_transition_comparator,step1,step2,step3,step4,step5,chunk1,step6,chunk2,fin,org.springframework.batch.core.configuration.xml.SimpleFlowFactoryBean#0,templateSpring,taskExecutor,TaskStep1,TaskStep2,TaskStep3,TaskStep4,TaskStep5,TaskStep6,itemReaderChunk1,itemProcessChunk1,itemWriterChunk1,itemReaderChunk2,itemWriterChunk2,FlatFileItemReader,fieldSetMapper,DeciderReintentos,finTasklet,propertyConfigurer,dataSourceTemplate,transactionManager,defaultTxAttributes,jobRepository,JobTransactionManager,jobExplorer]; root of factory hierarchy
12/01/2016 16:45:57 INFO  No TaskExecutor has been set, defaulting to synchronous executor.
12/01/2016 16:45:58 INFO  Initializing ExecutorService  'taskExecutor'
12/01/2016 16:45:58 INFO  Job: [FlowJob: [name=templateSpring]] launched with the following parameters: [{}]
12/01/2016 16:45:58 INFO  Executing step: [step1]
12/01/2016 16:45:59 INFO  ================== INICIO TAREA STEP 1   ================== 
12/01/2016 16:45:59 INFO  Inicializo lista de enteros
12/01/2016 16:45:59 INFO  ================== FIN TAREA STEP 1   ================== 

12/01/2016 16:45:59 INFO  Executing step: [step2]
12/01/2016 16:45:59 INFO  ================== INICIO TAREA STEP 2   ================== 
12/01/2016 16:45:59 INFO  Soy el step 2
12/01/2016 16:45:59 INFO  ================== FIN TAREA STEP 2   ================== 

12/01/2016 16:45:59 INFO  Executing step: [step3]
12/01/2016 16:45:59 INFO  ================== INICIO TAREA STEP 3   ================== 
12/01/2016 16:45:59 INFO  Soy el step 3
12/01/2016 16:46:03 INFO  ================== FIN TAREA STEP 3   ================== 

12/01/2016 16:46:03 INFO  Executing step: [step4]
12/01/2016 16:46:03 INFO  ================== INICIO TAREA STEP 4   ================== 
12/01/2016 16:46:03 INFO  Soy el step 4
12/01/2016 16:46:03 INFO  ================== FIN TAREA STEP 4   ================== 

12/01/2016 16:46:03 INFO  Executing step: [step5]
12/01/2016 16:46:03 INFO  ================== INICIO TAREA STEP 5   ================== 
12/01/2016 16:46:03 INFO  Soy el step 5
12/01/2016 16:46:03 INFO  ================== FIN TAREA STEP 5   ================== 

12/01/2016 16:46:03 INFO  Executing step: [chunk1]
12/01/2016 16:46:03 WARN  ******* Comienza el Reader : 
12/01/2016 16:46:03 INFO  ******* registro 10 : 
12/01/2016 16:46:03 WARN  ******* Comienza el Processs : 
12/01/2016 16:46:03 WARN  ******* Comienza Writer : 
12/01/2016 16:46:03 WARN  ******* Comienza el Reader : 
12/01/2016 16:46:03 INFO  ******* registro 9 : 
12/01/2016 16:46:03 WARN  ******* Comienza el Processs : 
12/01/2016 16:46:03 WARN  ******* Comienza Writer : 
12/01/2016 16:46:03 WARN  ******* Comienza el Reader : 
12/01/2016 16:46:03 INFO  ******* registro 8 : 
12/01/2016 16:46:03 WARN  ******* Comienza el Processs : 
12/01/2016 16:46:03 WARN  ******* Comienza Writer : 
12/01/2016 16:46:03 WARN  ******* Comienza el Reader : 
12/01/2016 16:46:03 INFO  ******* registro 7 : 
12/01/2016 16:46:03 WARN  ******* Comienza el Processs : 
12/01/2016 16:46:03 WARN  ******* Comienza Writer : 
12/01/2016 16:46:03 WARN  ******* Comienza el Reader : 
12/01/2016 16:46:03 INFO  ******* registro 6 : 
12/01/2016 16:46:03 WARN  ******* Comienza el Processs : 
12/01/2016 16:46:03 WARN  ******* Comienza Writer : 
12/01/2016 16:46:03 WARN  ******* Comienza el Reader : 
12/01/2016 16:46:03 INFO  ******* registro 5 : 
12/01/2016 16:46:03 WARN  ******* Comienza el Processs : 
12/01/2016 16:46:03 WARN  ******* Comienza Writer : 
12/01/2016 16:46:03 WARN  ******* Comienza el Reader : 
12/01/2016 16:46:03 INFO  ******* registro 4 : 
12/01/2016 16:46:03 WARN  ******* Comienza el Processs : 
12/01/2016 16:46:03 WARN  ******* Comienza Writer : 
12/01/2016 16:46:03 WARN  ******* Comienza el Reader : 
12/01/2016 16:46:03 INFO  ******* registro 3 : 
12/01/2016 16:46:03 WARN  ******* Comienza el Processs : 
12/01/2016 16:46:03 WARN  ******* Comienza Writer : 
12/01/2016 16:46:03 WARN  ******* Comienza el Reader : 
12/01/2016 16:46:03 INFO  ******* registro 2 : 
12/01/2016 16:46:03 WARN  ******* Comienza el Processs : 
12/01/2016 16:46:03 WARN  ******* Comienza Writer : 
12/01/2016 16:46:03 WARN  ******* Comienza el Reader : 
12/01/2016 16:46:03 INFO  ******* registro 1 : 
12/01/2016 16:46:03 WARN  ******* Comienza el Processs : 
12/01/2016 16:46:03 WARN  ******* Comienza Writer : 
12/01/2016 16:46:03 WARN  ******* Comienza el Reader : 
12/01/2016 16:46:03 WARN  ******* Comienza el Reader : 
12/01/2016 16:46:03 WARN  ******* Comienza el Reader : 
12/01/2016 16:46:03 WARN  ******* Comienza el Reader : 
12/01/2016 16:46:04 WARN  ******* Comienza el Reader : 
12/01/2016 16:46:04 INFO  Executing step: [step6]
12/01/2016 16:46:04 INFO  ================== INICIO TAREA STEP 6   ================== 
12/01/2016 16:46:04 INFO  Soy el step 6
12/01/2016 16:46:04 INFO  ================== FIN TAREA STEP 6   ================== 

12/01/2016 16:46:04 INFO  Executing step: [chunk2]
12/01/2016 16:46:04 WARN  ******* Comienza Writer : 
12/01/2016 16:46:04 INFO  Nombre: Carlos
12/01/2016 16:46:04 INFO  Apellido: Perez
12/01/2016 16:46:04 INFO  Dni: 72011111
12/01/2016 16:46:04 INFO  Edad: 20
12/01/2016 16:46:04 WARN  ******* Comienza Writer : 
12/01/2016 16:46:04 INFO  Nombre: Maria
12/01/2016 16:46:04 INFO  Apellido: Gomez
12/01/2016 16:46:04 INFO  Dni: 72022222
12/01/2016 16:46:04 INFO  Edad: 22
12/01/2016 16:46:04 WARN  ******* Comienza Writer : 
12/01/2016 16:46:04 INFO  Nombre: Carmen
12/01/2016 16:46:04 INFO  Apellido: Fernandez
12/01/2016 16:46:04 INFO  Dni: 72055555
12/01/2016 16:46:04 INFO  Edad: 30
12/01/2016 16:46:04 WARN  ******* Comienza Writer : 
12/01/2016 16:46:04 INFO  Nombre: Carlos
12/01/2016 16:46:04 INFO  Apellido: Perez
12/01/2016 16:46:04 INFO  Dni: 72011111
12/01/2016 16:46:04 INFO  Edad: 20
12/01/2016 16:46:04 WARN  ******* Comienza Writer : 
12/01/2016 16:46:04 INFO  Nombre: Maria
12/01/2016 16:46:04 INFO  Apellido: Gomez
12/01/2016 16:46:04 INFO  Dni: 72022222
12/01/2016 16:46:04 INFO  Edad: 22
12/01/2016 16:46:04 WARN  ******* Comienza Writer : 
12/01/2016 16:46:04 INFO  Nombre: Carmen
12/01/2016 16:46:04 INFO  Apellido: Fernandez
12/01/2016 16:46:04 INFO  Dni: 72055555
12/01/2016 16:46:04 INFO  Edad: 30
12/01/2016 16:46:04 WARN  ******* Comienza Writer : 
12/01/2016 16:46:04 INFO  Nombre: Carlos
12/01/2016 16:46:04 INFO  Apellido: Perez
12/01/2016 16:46:04 INFO  Dni: 72011111
12/01/2016 16:46:04 INFO  Edad: 20
12/01/2016 16:46:04 WARN  ******* Comienza Writer : 
12/01/2016 16:46:04 INFO  Nombre: Maria
12/01/2016 16:46:04 INFO  Apellido: Gomez
12/01/2016 16:46:04 INFO  Dni: 72022222
12/01/2016 16:46:04 INFO  Edad: 22
12/01/2016 16:46:04 WARN  ******* Comienza Writer : 
12/01/2016 16:46:04 INFO  Nombre: Carmen
12/01/2016 16:46:04 INFO  Apellido: Fernandez
12/01/2016 16:46:04 INFO  Dni: 72055555
12/01/2016 16:46:04 INFO  Edad: 30
12/01/2016 16:46:04 WARN  ******* Comienza Writer : 
12/01/2016 16:46:04 INFO  Nombre: Carlos
12/01/2016 16:46:04 INFO  Apellido: Perez
12/01/2016 16:46:04 INFO  Dni: 72011111
12/01/2016 16:46:04 INFO  Edad: 20
12/01/2016 16:46:04 WARN  ******* Comienza Writer : 
12/01/2016 16:46:04 INFO  Nombre: Maria
12/01/2016 16:46:04 INFO  Apellido: Gomez
12/01/2016 16:46:04 INFO  Dni: 72022222
12/01/2016 16:46:04 INFO  Edad: 22
12/01/2016 16:46:04 WARN  ******* Comienza Writer : 
12/01/2016 16:46:04 INFO  Nombre: Carmen
12/01/2016 16:46:04 INFO  Apellido: Fernandez
12/01/2016 16:46:04 INFO  Dni: 72055555
12/01/2016 16:46:04 INFO  Edad: 30
12/01/2016 16:46:04 WARN  ******* Comienza Writer : 
12/01/2016 16:46:04 INFO  Nombre: Carlos
12/01/2016 16:46:04 INFO  Apellido: Perez
12/01/2016 16:46:04 INFO  Dni: 72011111
12/01/2016 16:46:04 INFO  Edad: 20
12/01/2016 16:46:04 WARN  ******* Comienza Writer : 
12/01/2016 16:46:04 INFO  Nombre: Maria
12/01/2016 16:46:04 INFO  Apellido: Gomez
12/01/2016 16:46:04 INFO  Dni: 72022222
12/01/2016 16:46:04 INFO  Edad: 22
12/01/2016 16:46:04 WARN  ******* Comienza Writer : 
12/01/2016 16:46:04 INFO  Nombre: Carmen
12/01/2016 16:46:04 INFO  Apellido: Fernandez
12/01/2016 16:46:04 INFO  Dni: 72055555
12/01/2016 16:46:04 INFO  Edad: 30
12/01/2016 16:46:04 WARN  ******* Comienza Writer : 
12/01/2016 16:46:04 INFO  Nombre: Carlos
12/01/2016 16:46:04 INFO  Apellido: Perez
12/01/2016 16:46:04 INFO  Dni: 72011111
12/01/2016 16:46:04 INFO  Edad: 20
12/01/2016 16:46:04 WARN  ******* Comienza Writer : 
12/01/2016 16:46:04 INFO  Nombre: Maria
12/01/2016 16:46:04 INFO  Apellido: Gomez
12/01/2016 16:46:04 INFO  Dni: 72022222
12/01/2016 16:46:04 INFO  Edad: 22
12/01/2016 16:46:04 WARN  ******* Comienza Writer : 
12/01/2016 16:46:04 INFO  Nombre: Carmen
12/01/2016 16:46:04 INFO  Apellido: Fernandez
12/01/2016 16:46:04 INFO  Dni: 72055555
12/01/2016 16:46:04 INFO  Edad: 30
12/01/2016 16:46:04 INFO  Executing step: [fin]
12/01/2016 16:46:04 INFO  Task Fin
12/01/2016 16:46:04 INFO  Job: [FlowJob: [name=templateSpring]] completed with the following parameters: [{}] and the following status: [COMPLETED]
12/01/2016 16:46:04 INFO  ---- Fin proceso 
